Running main() from /private/tmp/googletest-20250808-4990-9ldiyw/googletest-1.17.0/googletest/src/gtest_main.cc
Note: Google Test filter = TextChunkerTest.CodePython_SplitsAtDefBoundaries
[==========] Running 1 test from 1 test suite.
[----------] Global test environment set-up.
[----------] 1 test from TextChunkerTest
[ RUN      ] TextChunkerTest.CodePython_SplitsAtDefBoundaries
/Users/adrian/CLionProjects/CognitivePipelines/tests/test_text_chunker.cpp:319: Failure
Value of: hasCompleteFunction
  Actual: false
Expected: true
Python chunker should try to keep function definitions intact

[  FAILED  ] TextChunkerTest.CodePython_SplitsAtDefBoundaries (0 ms)
[----------] 1 test from TextChunkerTest (0 ms total)

[----------] Global test environment tear-down
[==========] 1 test from 1 test suite ran. (0 ms total)
[  PASSED  ] 0 tests.
[  FAILED  ] 1 test, listed below:
[  FAILED  ] TextChunkerTest.CodePython_SplitsAtDefBoundaries

 1 FAILED TEST
